<?xml version="1.0" encoding="UTF-8"?>
<!-- Generated by org.testng.reporters.JUnitReportReporter -->
<testsuite hostname="JOSE-HPENVY" name="com.frameworkexample.qa.testcases.loginTest" tests="1" failures="0" timestamp="17 Mar 2020 20:25:42 GMT" time="0.018" errors="0">
  <testcase name="setup" time="0.018" classname="com.frameworkexample.qa.testcases.loginTest"/>
</testsuite> <!-- com.frameworkexample.qa.testcases.loginTest -->
