<?xml version="1.0" encoding="UTF-8"?>
<!-- Generated by org.testng.reporters.JUnitReportReporter -->
<testsuite hostname="JOSE-HPENVY" name="com.frameworkexample.qa.testcases.ContactTest" tests="1" failures="0" timestamp="18 Mar 2020 01:31:37 GMT" time="2.564" errors="0">
  <testcase name="registrationFormTest" time="2.564" classname="com.frameworkexample.qa.testcases.ContactTest"/>
</testsuite> <!-- com.frameworkexample.qa.testcases.ContactTest -->
