<?xml version="1.0" encoding="UTF-8"?>
<!-- Generated by org.testng.reporters.JUnitReportReporter -->
<testsuite hostname="JOSE-HPENVY" name="com.frameworkexample.qa.testcases.ContactTest" tests="2" failures="0" timestamp="18 Mar 2020 19:54:42 GMT" time="3.740" errors="0">
  <testcase name="registrationFormTest" time="2.068" classname="com.frameworkexample.qa.testcases.ContactTest"/>
  <testcase name="registrationFormTest" time="1.672" classname="com.frameworkexample.qa.testcases.ContactTest"/>
</testsuite> <!-- com.frameworkexample.qa.testcases.ContactTest -->
